[0.020s] Invoking command in '/home/cod/qza_ws/CItest/build/tnode': CMAKE_PREFIX_PATH=/opt/ros/humble /usr/local/bin/cmake /home/cod/qza_ws/CItest/tnode -DAMENT_CMAKE_SYMLINK_INSTALL=1 -DCMAKE_INSTALL_PREFIX=/home/cod/qza_ws/CItest/install/tnode
[0.053s] [0mCMake Deprecation Warning at CMakeLists.txt:1 (cmake_minimum_required):
[0.053s]   Compatibility with CMake < 3.10 will be removed from a future version of
[0.053s]   CMake.
[0.053s] 
[0.053s]   Update the VERSION argument <min> value or use a ...<max> suffix to tell
[0.054s]   CMake that the project does not need compatibility with older versions.
[0.054s] 
[0.054s] [0m
[0.214s] -- The C compiler identification is GNU 11.4.0
[0.328s] -- The CXX compiler identification is GNU 11.4.0
[0.338s] -- Detecting C compiler ABI info
[0.390s] -- Detecting C compiler ABI info - done
[0.400s] -- Check for working C compiler: /usr/bin/cc - skipped
[0.401s] -- Detecting C compile features
[0.402s] -- Detecting C compile features - done
[0.424s] -- Detecting CXX compiler ABI info
[0.478s] -- Detecting CXX compiler ABI info - done
[0.488s] -- Check for working CXX compiler: /usr/bin/c++ - skipped
[0.488s] -- Detecting CXX compile features
[0.488s] -- Detecting CXX compile features - done
[0.497s] -- Found ament_cmake: 1.3.10 (/opt/ros/humble/share/ament_cmake/cmake)
[0.595s] -- Found Python3: /usr/bin/python3 (found version "3.10.12") found components: Interpreter
[0.654s] -- Override CMake install command with custom implementation using symlinks instead of copying resources
[0.680s] -- Found ament_lint_auto: 0.12.11 (/opt/ros/humble/share/ament_lint_auto/cmake)
[0.731s] -- Added test 'cppcheck' to perform static code analysis on C / C++ code
[0.731s] -- Configured cppcheck include dirs: 
[0.731s] -- Configured cppcheck exclude dirs and/or files: 
[0.732s] -- Added test 'lint_cmake' to check CMake code style
[0.732s] -- Added test 'uncrustify' to check C / C++ code style
[0.732s] -- Configured uncrustify additional arguments: 
[0.733s] -- Added test 'xmllint' to check XML markup files
[0.734s] -- Configuring done (0.7s)
[0.736s] -- Generating done (0.0s)
[0.737s] -- Build files have been written to: /home/cod/qza_ws/CItest/build/tnode
[0.741s] Invoked command in '/home/cod/qza_ws/CItest/build/tnode' returned '0': CMAKE_PREFIX_PATH=/opt/ros/humble /usr/local/bin/cmake /home/cod/qza_ws/CItest/tnode -DAMENT_CMAKE_SYMLINK_INSTALL=1 -DCMAKE_INSTALL_PREFIX=/home/cod/qza_ws/CItest/install/tnode
[0.741s] Invoking command in '/home/cod/qza_ws/CItest/build/tnode': CMAKE_PREFIX_PATH=/opt/ros/humble /usr/local/bin/cmake --build /home/cod/qza_ws/CItest/build/tnode -- -j16 -l16
[0.760s] [ 50%] [32mBuilding CXX object CMakeFiles/tnode.dir/src/tnode.cpp.o[0m
[0.767s] [01m[K/home/cod/qza_ws/CItest/tnode/src/tnode.cpp:1:10:[m[K [01;31m[Kfatal error: [m[Krclcpp/rclcpp.hpp: æ²¡æœ‰é‚£ä¸ªæ–‡ä»¶æˆ–ç›®å½•
[0.767s]     1 | #include [01;31m[K"rclcpp/rclcpp.hpp"[m[K
[0.767s]       |          [01;31m[K^~~~~~~~~~~~~~~~~~~[m[K
[0.767s] compilation terminated.
[0.768s] gmake[2]: *** [CMakeFiles/tnode.dir/build.make:79ï¼šCMakeFiles/tnode.dir/src/tnode.cpp.o] é”™è¯¯ 1
[0.768s] gmake[1]: *** [CMakeFiles/Makefile2:151ï¼šCMakeFiles/tnode.dir/all] é”™è¯¯ 2
[0.768s] gmake: *** [Makefile:146ï¼šall] é”™è¯¯ 2
[0.770s] Invoked command in '/home/cod/qza_ws/CItest/build/tnode' returned '2': CMAKE_PREFIX_PATH=/opt/ros/humble /usr/local/bin/cmake --build /home/cod/qza_ws/CItest/build/tnode -- -j16 -l16
