[0.009s] Invoking command in '/home/cod/qza_ws/CItest/build/tnode': CMAKE_PREFIX_PATH=/opt/ros/humble /usr/local/bin/cmake --build /home/cod/qza_ws/CItest/build/tnode -- -j16 -l16
[0.016s] [0mCMake Deprecation Warning at CMakeLists.txt:1 (cmake_minimum_required):
[0.016s]   Compatibility with CMake < 3.10 will be removed from a future version of
[0.016s]   CMake.
[0.016s] 
[0.016s]   Update the VERSION argument <min> value or use a ...<max> suffix to tell
[0.016s]   CMake that the project does not need compatibility with older versions.
[0.016s] 
[0.016s] [0m
[0.024s] -- Found ament_cmake: 1.3.10 (/opt/ros/humble/share/ament_cmake/cmake)
[0.143s] -- Override CMake install command with custom implementation using symlinks instead of copying resources
[0.149s] -- Found rclcpp: 16.0.10 (/opt/ros/humble/share/rclcpp/cmake)
[0.260s] -- Found rosidl_generator_c: 3.1.5 (/opt/ros/humble/share/rosidl_generator_c/cmake)
[0.264s] -- Found rosidl_adapter: 3.1.5 (/opt/ros/humble/share/rosidl_adapter/cmake)
[0.272s] -- Found rosidl_generator_cpp: 3.1.5 (/opt/ros/humble/share/rosidl_generator_cpp/cmake)
[0.284s] -- Using all available rosidl_typesupport_c: rosidl_typesupport_fastrtps_c;rosidl_typesupport_introspection_c
[0.298s] -- Using all available rosidl_typesupport_cpp: rosidl_typesupport_fastrtps_cpp;rosidl_typesupport_introspection_cpp
[0.341s] -- Found rmw_implementation_cmake: 6.1.2 (/opt/ros/humble/share/rmw_implementation_cmake/cmake)
[0.343s] -- Found rmw_fastrtps_cpp: 6.2.7 (/opt/ros/humble/share/rmw_fastrtps_cpp/cmake)
[0.411s] -- Found OpenSSL: /usr/lib/x86_64-linux-gnu/libcrypto.so (found version "3.0.2")
[0.431s] -- Found FastRTPS: /opt/ros/humble/include
[0.458s] -- Using RMW implementation 'rmw_fastrtps_cpp' as default
[0.467s] -- Performing Test CMAKE_HAVE_LIBC_PTHREAD
[0.536s] -- Performing Test CMAKE_HAVE_LIBC_PTHREAD - Success
[0.537s] -- Found Threads: TRUE
[0.590s] -- Found ament_lint_auto: 0.12.11 (/opt/ros/humble/share/ament_lint_auto/cmake)
[0.633s] -- Added test 'cppcheck' to perform static code analysis on C / C++ code
[0.633s] -- Configured cppcheck include dirs: 
[0.633s] -- Configured cppcheck exclude dirs and/or files: 
[0.633s] -- Added test 'lint_cmake' to check CMake code style
[0.634s] -- Added test 'uncrustify' to check C / C++ code style
[0.634s] -- Configured uncrustify additional arguments: 
[0.634s] -- Added test 'xmllint' to check XML markup files
[0.635s] -- Configuring done (0.6s)
[0.638s] -- Generating done (0.0s)
[0.639s] -- Build files have been written to: /home/cod/qza_ws/CItest/build/tnode
[0.655s] [ 50%] [32mBuilding CXX object CMakeFiles/tnode.dir/src/tnode.cpp.o[0m
[0.659s] [01m[K/home/cod/qza_ws/CItest/tnode/src/tnode.cpp:1:10:[m[K [01;31m[Kfatal error: [m[Krclcpp/rclcpp.hpp: æ²¡æœ‰é‚£ä¸ªæ–‡ä»¶æˆ–ç›®å½•
[0.660s]     1 | #include [01;31m[K"rclcpp/rclcpp.hpp"[m[K
[0.660s]       |          [01;31m[K^~~~~~~~~~~~~~~~~~~[m[K
[0.660s] compilation terminated.
[0.660s] gmake[2]: *** [CMakeFiles/tnode.dir/build.make:79ï¼šCMakeFiles/tnode.dir/src/tnode.cpp.o] é”™è¯¯ 1
[0.660s] gmake[1]: *** [CMakeFiles/Makefile2:151ï¼šCMakeFiles/tnode.dir/all] é”™è¯¯ 2
[0.660s] gmake: *** [Makefile:146ï¼šall] é”™è¯¯ 2
[0.662s] Invoked command in '/home/cod/qza_ws/CItest/build/tnode' returned '2': CMAKE_PREFIX_PATH=/opt/ros/humble /usr/local/bin/cmake --build /home/cod/qza_ws/CItest/build/tnode -- -j16 -l16
